2024-06-09 05:02:22,477 - training_logger - INFO - TRAINING STARTED...
2024-06-09 05:02:22,478 - training_logger - INFO - Training on cuda
2024-06-09 05:02:22,478 - training_logger - INFO - Epoch 1/30, Training...
2024-06-09 05:05:40,139 - training_logger - INFO - Epoch 1/30, Training Loss: 0.5688
2024-06-09 05:06:11,659 - training_logger - INFO - Epoch 1/30, Test Loss: 0.2480, Test Accuracy: 91.99%
2024-06-09 05:06:11,697 - training_logger - INFO - Saved new best model with test loss: 0.2480
2024-06-09 05:06:11,697 - training_logger - INFO - Epoch 2/30, Training...
2024-06-09 05:09:27,958 - training_logger - INFO - Epoch 2/30, Training Loss: 0.2354
2024-06-09 05:10:00,622 - training_logger - INFO - Epoch 2/30, Test Loss: 0.2101, Test Accuracy: 93.08%
2024-06-09 05:10:00,671 - training_logger - INFO - Saved new best model with test loss: 0.2101
2024-06-09 05:10:00,672 - training_logger - INFO - Epoch 3/30, Training...
2024-06-09 05:13:13,150 - training_logger - INFO - Epoch 3/30, Training Loss: 0.1774
2024-06-09 05:13:42,818 - training_logger - INFO - Epoch 3/30, Test Loss: 0.1832, Test Accuracy: 93.82%
2024-06-09 05:13:42,857 - training_logger - INFO - Saved new best model with test loss: 0.1832
2024-06-09 05:13:42,857 - training_logger - INFO - Epoch 4/30, Training...
2024-06-09 05:16:53,489 - training_logger - INFO - Epoch 4/30, Training Loss: 0.1461
2024-06-09 05:17:26,724 - training_logger - INFO - Epoch 4/30, Test Loss: 0.2279, Test Accuracy: 92.74%
2024-06-09 05:17:26,724 - training_logger - INFO - Epoch 5/30, Training...
2024-06-09 05:20:37,202 - training_logger - INFO - Epoch 5/30, Training Loss: 0.1271
2024-06-09 05:21:06,781 - training_logger - INFO - Epoch 5/30, Test Loss: 0.2025, Test Accuracy: 93.55%
2024-06-09 05:21:06,781 - training_logger - INFO - Epoch 6/30, Training...
2024-06-09 05:24:19,068 - training_logger - INFO - Epoch 6/30, Training Loss: 0.1127
2024-06-09 05:24:48,469 - training_logger - INFO - Epoch 6/30, Test Loss: 0.2340, Test Accuracy: 92.81%
2024-06-09 05:24:48,469 - training_logger - INFO - Epoch 7/30, Training...
2024-06-09 05:27:59,310 - training_logger - INFO - Epoch 7/30, Training Loss: 0.1115
2024-06-09 05:28:32,561 - training_logger - INFO - Epoch 7/30, Test Loss: 0.1975, Test Accuracy: 93.71%
2024-06-09 05:28:32,562 - training_logger - INFO - Epoch 8/30, Training...
2024-06-09 05:31:45,417 - training_logger - INFO - Epoch 8/30, Training Loss: 0.1016
2024-06-09 05:32:16,742 - training_logger - INFO - Epoch 8/30, Test Loss: 0.1989, Test Accuracy: 93.89%
2024-06-09 05:32:16,742 - training_logger - INFO - Epoch 9/30, Training...
2024-06-09 05:35:27,478 - training_logger - INFO - Epoch 9/30, Training Loss: 0.1025
2024-06-09 05:35:56,985 - training_logger - INFO - Epoch 9/30, Test Loss: 0.2181, Test Accuracy: 93.91%
2024-06-09 05:35:56,985 - training_logger - INFO - Epoch 10/30, Training...
2024-06-09 05:39:08,291 - training_logger - INFO - Epoch 10/30, Training Loss: 0.1068
2024-06-09 05:39:39,820 - training_logger - INFO - Epoch 10/30, Test Loss: 0.2323, Test Accuracy: 92.95%
2024-06-09 05:39:39,821 - training_logger - INFO - Epoch 11/30, Training...
2024-06-09 05:43:07,219 - training_logger - INFO - Epoch 11/30, Training Loss: 0.0522
2024-06-09 05:43:46,339 - training_logger - INFO - Epoch 11/30, Test Loss: 0.1449, Test Accuracy: 95.75%
2024-06-09 05:43:46,382 - training_logger - INFO - Saved new best model with test loss: 0.1449
2024-06-09 05:43:46,382 - training_logger - INFO - Epoch 12/30, Training...
2024-06-09 05:46:57,158 - training_logger - INFO - Epoch 12/30, Training Loss: 0.0320
2024-06-09 05:47:28,686 - training_logger - INFO - Epoch 12/30, Test Loss: 0.1470, Test Accuracy: 95.84%
2024-06-09 05:47:28,686 - training_logger - INFO - Epoch 13/30, Training...
2024-06-09 05:50:39,368 - training_logger - INFO - Epoch 13/30, Training Loss: 0.0271
2024-06-09 05:51:08,937 - training_logger - INFO - Epoch 13/30, Test Loss: 0.1486, Test Accuracy: 95.89%
2024-06-09 05:51:08,938 - training_logger - INFO - Epoch 14/30, Training...
2024-06-09 05:54:19,733 - training_logger - INFO - Epoch 14/30, Training Loss: 0.0237
2024-06-09 05:54:49,144 - training_logger - INFO - Epoch 14/30, Test Loss: 0.1501, Test Accuracy: 95.86%
2024-06-09 05:54:49,145 - training_logger - INFO - Epoch 15/30, Training...
2024-06-09 05:57:59,932 - training_logger - INFO - Epoch 15/30, Training Loss: 0.0218
2024-06-09 05:58:29,627 - training_logger - INFO - Epoch 15/30, Test Loss: 0.1455, Test Accuracy: 96.08%
2024-06-09 05:58:29,627 - training_logger - INFO - Epoch 16/30, Training...
2024-06-09 06:01:40,254 - training_logger - INFO - Epoch 16/30, Training Loss: 0.0204
2024-06-09 06:02:09,978 - training_logger - INFO - Epoch 16/30, Test Loss: 0.1507, Test Accuracy: 95.89%
2024-06-09 06:02:09,978 - training_logger - INFO - Epoch 17/30, Training...
2024-06-09 06:05:20,823 - training_logger - INFO - Epoch 17/30, Training Loss: 0.0189
2024-06-09 06:05:55,191 - training_logger - INFO - Epoch 17/30, Test Loss: 0.1509, Test Accuracy: 95.86%
2024-06-09 06:05:55,191 - training_logger - INFO - Epoch 18/30, Training...
2024-06-09 06:09:09,518 - training_logger - INFO - Epoch 18/30, Training Loss: 0.0171
2024-06-09 06:09:40,987 - training_logger - INFO - Epoch 18/30, Test Loss: 0.1562, Test Accuracy: 95.82%
2024-06-09 06:09:40,987 - training_logger - INFO - Epoch 19/30, Training...
2024-06-09 06:12:51,607 - training_logger - INFO - Epoch 19/30, Training Loss: 0.0169
2024-06-09 06:13:24,681 - training_logger - INFO - Epoch 19/30, Test Loss: 0.1551, Test Accuracy: 95.78%
2024-06-09 06:13:24,682 - training_logger - INFO - Epoch 20/30, Training...
2024-06-09 06:16:35,489 - training_logger - INFO - Epoch 20/30, Training Loss: 0.0166
2024-06-09 06:17:06,796 - training_logger - INFO - Epoch 20/30, Test Loss: 0.1528, Test Accuracy: 96.11%
2024-06-09 06:17:06,797 - training_logger - INFO - Epoch 21/30, Training...
2024-06-09 06:20:22,767 - training_logger - INFO - Epoch 21/30, Training Loss: 0.0149
2024-06-09 06:20:52,481 - training_logger - INFO - Epoch 21/30, Test Loss: 0.1600, Test Accuracy: 95.80%
2024-06-09 06:20:52,481 - training_logger - INFO - Epoch 22/30, Training...
2024-06-09 06:24:03,121 - training_logger - INFO - Epoch 22/30, Training Loss: 0.0150
2024-06-09 06:24:34,360 - training_logger - INFO - Epoch 22/30, Test Loss: 0.1872, Test Accuracy: 94.79%
2024-06-09 06:24:34,360 - training_logger - INFO - Epoch 23/30, Training...
2024-06-09 06:27:45,203 - training_logger - INFO - Epoch 23/30, Training Loss: 0.0146
2024-06-09 06:28:15,194 - training_logger - INFO - Epoch 23/30, Test Loss: 0.1589, Test Accuracy: 95.89%
2024-06-09 06:28:15,194 - training_logger - INFO - Epoch 24/30, Training...
2024-06-09 06:31:26,046 - training_logger - INFO - Epoch 24/30, Training Loss: 0.0139
2024-06-09 06:31:57,268 - training_logger - INFO - Epoch 24/30, Test Loss: 0.1569, Test Accuracy: 95.90%
2024-06-09 06:31:57,268 - training_logger - INFO - Epoch 25/30, Training...
2024-06-09 06:35:08,014 - training_logger - INFO - Epoch 25/30, Training Loss: 0.0152
2024-06-09 06:35:39,167 - training_logger - INFO - Epoch 25/30, Test Loss: 0.1631, Test Accuracy: 95.78%
2024-06-09 06:35:39,167 - training_logger - INFO - Epoch 26/30, Training...
2024-06-09 06:38:50,377 - training_logger - INFO - Epoch 26/30, Training Loss: 0.0140
2024-06-09 06:39:23,666 - training_logger - INFO - Epoch 26/30, Test Loss: 0.1582, Test Accuracy: 95.93%
2024-06-09 06:39:23,667 - training_logger - INFO - Epoch 27/30, Training...
2024-06-09 06:42:34,573 - training_logger - INFO - Epoch 27/30, Training Loss: 0.0140
2024-06-09 06:43:19,578 - training_logger - INFO - Epoch 27/30, Test Loss: 0.1530, Test Accuracy: 96.08%
2024-06-09 06:43:19,579 - training_logger - INFO - Epoch 28/30, Training...
2024-06-09 06:46:30,580 - training_logger - INFO - Epoch 28/30, Training Loss: 0.0133
2024-06-09 06:47:03,819 - training_logger - INFO - Epoch 28/30, Test Loss: 0.1601, Test Accuracy: 95.93%
2024-06-09 06:47:03,820 - training_logger - INFO - Epoch 29/30, Training...
2024-06-09 06:50:15,162 - training_logger - INFO - Epoch 29/30, Training Loss: 0.0140
2024-06-09 06:50:44,553 - training_logger - INFO - Epoch 29/30, Test Loss: 0.1579, Test Accuracy: 95.92%
2024-06-09 06:50:44,553 - training_logger - INFO - Epoch 30/30, Training...
2024-06-09 06:53:55,469 - training_logger - INFO - Epoch 30/30, Training Loss: 0.0145
2024-06-09 06:54:26,727 - training_logger - INFO - Epoch 30/30, Test Loss: 0.1568, Test Accuracy: 95.97%
2024-06-09 06:54:26,785 - training_logger - INFO - Model and results saved to ./models/MobileNetV2_20240609_050222
