2024-05-31 02:10:14,254 - training_logger - INFO - TRAINING STARTED...
2024-05-31 02:10:14,254 - training_logger - INFO - Training on cuda
2024-05-31 02:10:14,255 - training_logger - INFO - Epoch 1/30, Training...
2024-05-31 02:16:07,865 - training_logger - INFO - Epoch 1/30, Training Loss: 0.4585
2024-05-31 02:16:39,526 - training_logger - INFO - Epoch 1/30, Test Loss: 0.2003, Test Accuracy: 93.33%
2024-05-31 02:16:39,736 - training_logger - INFO - Saved new best model with test loss: 0.2003
2024-05-31 02:16:39,736 - training_logger - INFO - Epoch 2/30, Training...
2024-05-31 02:22:31,679 - training_logger - INFO - Epoch 2/30, Training Loss: 0.1907
2024-05-31 02:23:05,499 - training_logger - INFO - Epoch 2/30, Test Loss: 0.1860, Test Accuracy: 94.10%
2024-05-31 02:23:05,533 - training_logger - INFO - Saved new best model with test loss: 0.1860
2024-05-31 02:23:05,533 - training_logger - INFO - Epoch 3/30, Training...
2024-05-31 02:29:10,224 - training_logger - INFO - Epoch 3/30, Training Loss: 0.1489
2024-05-31 02:30:13,039 - training_logger - INFO - Epoch 3/30, Test Loss: 0.1833, Test Accuracy: 94.05%
2024-05-31 02:30:13,072 - training_logger - INFO - Saved new best model with test loss: 0.1833
2024-05-31 02:30:13,072 - training_logger - INFO - Epoch 4/30, Training...
2024-05-31 02:36:05,100 - training_logger - INFO - Epoch 4/30, Training Loss: 0.1322
2024-05-31 02:36:54,538 - training_logger - INFO - Epoch 4/30, Test Loss: 0.1894, Test Accuracy: 93.96%
2024-05-31 02:36:54,539 - training_logger - INFO - Epoch 5/30, Training...
2024-05-31 02:42:48,824 - training_logger - INFO - Epoch 5/30, Training Loss: 0.1279
2024-05-31 02:43:19,901 - training_logger - INFO - Epoch 5/30, Test Loss: 0.1851, Test Accuracy: 94.12%
2024-05-31 02:43:19,901 - training_logger - INFO - Epoch 6/30, Training...
2024-05-31 02:49:11,946 - training_logger - INFO - Epoch 6/30, Training Loss: 0.1271
2024-05-31 02:49:45,060 - training_logger - INFO - Epoch 6/30, Test Loss: 0.1965, Test Accuracy: 93.66%
2024-05-31 02:49:45,060 - training_logger - INFO - Epoch 7/30, Training...
2024-05-31 02:55:36,982 - training_logger - INFO - Epoch 7/30, Training Loss: 0.1290
2024-05-31 02:56:29,964 - training_logger - INFO - Epoch 7/30, Test Loss: 0.1872, Test Accuracy: 94.03%
2024-05-31 02:56:29,964 - training_logger - INFO - Epoch 8/30, Training...
2024-05-31 03:02:33,682 - training_logger - INFO - Epoch 8/30, Training Loss: 0.1366
2024-05-31 03:03:10,759 - training_logger - INFO - Epoch 8/30, Test Loss: 0.1988, Test Accuracy: 93.86%
2024-05-31 03:03:10,760 - training_logger - INFO - Epoch 9/30, Training...
2024-05-31 03:09:02,874 - training_logger - INFO - Epoch 9/30, Training Loss: 0.1369
2024-05-31 03:09:52,762 - training_logger - INFO - Epoch 9/30, Test Loss: 0.2002, Test Accuracy: 93.75%
2024-05-31 03:09:52,762 - training_logger - INFO - Epoch 10/30, Training...
2024-05-31 03:15:44,482 - training_logger - INFO - Epoch 10/30, Training Loss: 0.1436
2024-05-31 03:16:17,855 - training_logger - INFO - Epoch 10/30, Test Loss: 0.2141, Test Accuracy: 93.27%
2024-05-31 03:16:17,855 - training_logger - INFO - Epoch 11/30, Training...
2024-05-31 03:22:10,765 - training_logger - INFO - Epoch 11/30, Training Loss: 0.0623
2024-05-31 03:22:47,630 - training_logger - INFO - Epoch 11/30, Test Loss: 0.1330, Test Accuracy: 95.90%
2024-05-31 03:22:47,665 - training_logger - INFO - Saved new best model with test loss: 0.1330
2024-05-31 03:22:47,665 - training_logger - INFO - Epoch 12/30, Training...
2024-05-31 03:28:42,512 - training_logger - INFO - Epoch 12/30, Training Loss: 0.0397
2024-05-31 03:29:55,131 - training_logger - INFO - Epoch 12/30, Test Loss: 0.1340, Test Accuracy: 96.05%
2024-05-31 03:29:55,131 - training_logger - INFO - Epoch 13/30, Training...
2024-05-31 03:35:47,283 - training_logger - INFO - Epoch 13/30, Training Loss: 0.0321
2024-05-31 03:36:36,858 - training_logger - INFO - Epoch 13/30, Test Loss: 0.1373, Test Accuracy: 96.11%
2024-05-31 03:36:36,858 - training_logger - INFO - Epoch 14/30, Training...
2024-05-31 03:42:53,301 - training_logger - INFO - Epoch 14/30, Training Loss: 0.0275
2024-05-31 03:43:28,244 - training_logger - INFO - Epoch 14/30, Test Loss: 0.1382, Test Accuracy: 96.15%
2024-05-31 03:43:28,244 - training_logger - INFO - Epoch 15/30, Training...
2024-05-31 03:49:42,226 - training_logger - INFO - Epoch 15/30, Training Loss: 0.0237
2024-05-31 03:50:14,049 - training_logger - INFO - Epoch 15/30, Test Loss: 0.1395, Test Accuracy: 96.09%
2024-05-31 03:50:14,049 - training_logger - INFO - Epoch 16/30, Training...
2024-05-31 03:57:16,346 - training_logger - INFO - Epoch 16/30, Training Loss: 0.0210
2024-05-31 03:57:47,658 - training_logger - INFO - Epoch 16/30, Test Loss: 0.1427, Test Accuracy: 96.14%
2024-05-31 03:57:47,659 - training_logger - INFO - Epoch 17/30, Training...
2024-05-31 04:03:58,129 - training_logger - INFO - Epoch 17/30, Training Loss: 0.0187
2024-05-31 04:04:29,661 - training_logger - INFO - Epoch 17/30, Test Loss: 0.1481, Test Accuracy: 95.97%
2024-05-31 04:04:29,661 - training_logger - INFO - Epoch 18/30, Training...
2024-05-31 04:10:36,963 - training_logger - INFO - Epoch 18/30, Training Loss: 0.0177
2024-05-31 04:11:10,920 - training_logger - INFO - Epoch 18/30, Test Loss: 0.1485, Test Accuracy: 95.96%
2024-05-31 04:11:10,921 - training_logger - INFO - Epoch 19/30, Training...
2024-05-31 04:18:01,370 - training_logger - INFO - Epoch 19/30, Training Loss: 0.0161
2024-05-31 04:18:56,884 - training_logger - INFO - Epoch 19/30, Test Loss: 0.1520, Test Accuracy: 95.99%
2024-05-31 04:18:56,884 - training_logger - INFO - Epoch 20/30, Training...
2024-05-31 04:25:12,231 - training_logger - INFO - Epoch 20/30, Training Loss: 0.0157
2024-05-31 04:25:45,547 - training_logger - INFO - Epoch 20/30, Test Loss: 0.1506, Test Accuracy: 96.12%
2024-05-31 04:25:45,547 - training_logger - INFO - Epoch 21/30, Training...
2024-05-31 04:31:37,285 - training_logger - INFO - Epoch 21/30, Training Loss: 0.0136
2024-05-31 04:32:10,533 - training_logger - INFO - Epoch 21/30, Test Loss: 0.1478, Test Accuracy: 96.05%
2024-05-31 04:32:10,533 - training_logger - INFO - Epoch 22/30, Training...
2024-05-31 04:38:40,366 - training_logger - INFO - Epoch 22/30, Training Loss: 0.0124
2024-05-31 04:39:15,302 - training_logger - INFO - Epoch 22/30, Test Loss: 0.1486, Test Accuracy: 96.12%
2024-05-31 04:39:15,302 - training_logger - INFO - Epoch 23/30, Training...
2024-05-31 04:45:07,795 - training_logger - INFO - Epoch 23/30, Training Loss: 0.0122
2024-05-31 04:45:58,033 - training_logger - INFO - Epoch 23/30, Test Loss: 0.1512, Test Accuracy: 96.06%
2024-05-31 04:45:58,034 - training_logger - INFO - Epoch 24/30, Training...
2024-05-31 04:51:52,474 - training_logger - INFO - Epoch 24/30, Training Loss: 0.0124
2024-05-31 04:52:25,365 - training_logger - INFO - Epoch 24/30, Test Loss: 0.1522, Test Accuracy: 96.14%
2024-05-31 04:52:25,365 - training_logger - INFO - Epoch 25/30, Training...
2024-05-31 04:58:17,236 - training_logger - INFO - Epoch 25/30, Training Loss: 0.0120
2024-05-31 04:58:48,266 - training_logger - INFO - Epoch 25/30, Test Loss: 0.1525, Test Accuracy: 95.96%
2024-05-31 04:58:48,266 - training_logger - INFO - Epoch 26/30, Training...
2024-05-31 05:04:50,232 - training_logger - INFO - Epoch 26/30, Training Loss: 0.0120
2024-05-31 05:05:23,350 - training_logger - INFO - Epoch 26/30, Test Loss: 0.1498, Test Accuracy: 96.06%
2024-05-31 05:05:23,350 - training_logger - INFO - Epoch 27/30, Training...
2024-05-31 05:11:15,283 - training_logger - INFO - Epoch 27/30, Training Loss: 0.0117
2024-05-31 05:11:46,215 - training_logger - INFO - Epoch 27/30, Test Loss: 0.1540, Test Accuracy: 96.00%
2024-05-31 05:11:46,215 - training_logger - INFO - Epoch 28/30, Training...
2024-05-31 05:17:39,068 - training_logger - INFO - Epoch 28/30, Training Loss: 0.0121
2024-05-31 05:18:46,643 - training_logger - INFO - Epoch 28/30, Test Loss: 0.1541, Test Accuracy: 96.02%
2024-05-31 05:18:46,643 - training_logger - INFO - Epoch 29/30, Training...
2024-05-31 05:24:38,823 - training_logger - INFO - Epoch 29/30, Training Loss: 0.0117
2024-05-31 05:25:15,813 - training_logger - INFO - Epoch 29/30, Test Loss: 0.1526, Test Accuracy: 96.06%
2024-05-31 05:25:15,813 - training_logger - INFO - Epoch 30/30, Training...
2024-05-31 05:31:07,559 - training_logger - INFO - Epoch 30/30, Training Loss: 0.0116
2024-05-31 05:31:40,774 - training_logger - INFO - Epoch 30/30, Test Loss: 0.1541, Test Accuracy: 96.01%
2024-05-31 05:31:40,822 - training_logger - INFO - Model and results saved to ./models/MobileNetV2_20240531_021014
2024-05-31 05:31:41,685 - training_logger - INFO - TRAINING STARTED...
2024-05-31 05:31:41,686 - training_logger - INFO - Training on cuda
2024-05-31 05:31:41,687 - training_logger - INFO - Epoch 1/30, Training...
2024-05-31 05:37:33,843 - training_logger - INFO - Epoch 1/30, Training Loss: 0.4380
2024-05-31 05:38:26,849 - training_logger - INFO - Epoch 1/30, Test Loss: 0.1861, Test Accuracy: 93.88%
2024-05-31 05:38:26,891 - training_logger - INFO - Saved new best model with test loss: 0.1861
2024-05-31 05:38:26,891 - training_logger - INFO - Epoch 2/30, Training...
2024-05-31 05:44:18,730 - training_logger - INFO - Epoch 2/30, Training Loss: 0.1732
2024-05-31 05:45:07,506 - training_logger - INFO - Epoch 2/30, Test Loss: 0.1693, Test Accuracy: 94.45%
2024-05-31 05:45:07,545 - training_logger - INFO - Saved new best model with test loss: 0.1693
2024-05-31 05:45:07,545 - training_logger - INFO - Epoch 3/30, Training...
2024-05-31 05:52:04,878 - training_logger - INFO - Epoch 3/30, Training Loss: 0.1332
2024-05-31 05:52:37,995 - training_logger - INFO - Epoch 3/30, Test Loss: 0.1687, Test Accuracy: 94.46%
2024-05-31 05:52:38,029 - training_logger - INFO - Saved new best model with test loss: 0.1687
2024-05-31 05:52:38,029 - training_logger - INFO - Epoch 4/30, Training...
2024-05-31 05:58:30,338 - training_logger - INFO - Epoch 4/30, Training Loss: 0.1195
2024-05-31 05:59:02,190 - training_logger - INFO - Epoch 4/30, Test Loss: 0.1767, Test Accuracy: 94.13%
2024-05-31 05:59:02,190 - training_logger - INFO - Epoch 5/30, Training...
2024-05-31 06:04:54,133 - training_logger - INFO - Epoch 5/30, Training Loss: 0.1115
2024-05-31 06:05:48,548 - training_logger - INFO - Epoch 5/30, Test Loss: 0.1626, Test Accuracy: 94.75%
2024-05-31 06:05:48,593 - training_logger - INFO - Saved new best model with test loss: 0.1626
2024-05-31 06:05:48,593 - training_logger - INFO - Epoch 6/30, Training...
2024-05-31 06:11:40,812 - training_logger - INFO - Epoch 6/30, Training Loss: 0.1104
2024-05-31 06:12:14,012 - training_logger - INFO - Epoch 6/30, Test Loss: 0.1724, Test Accuracy: 94.54%
2024-05-31 06:12:14,013 - training_logger - INFO - Epoch 7/30, Training...
2024-05-31 06:18:06,463 - training_logger - INFO - Epoch 7/30, Training Loss: 0.1140
2024-05-31 06:18:39,261 - training_logger - INFO - Epoch 7/30, Test Loss: 0.1599, Test Accuracy: 95.00%
2024-05-31 06:18:39,306 - training_logger - INFO - Saved new best model with test loss: 0.1599
2024-05-31 06:18:39,306 - training_logger - INFO - Epoch 8/30, Training...
2024-05-31 06:24:31,446 - training_logger - INFO - Epoch 8/30, Training Loss: 0.1166
2024-05-31 06:25:17,448 - training_logger - INFO - Epoch 8/30, Test Loss: 0.1816, Test Accuracy: 94.14%
2024-05-31 06:25:17,448 - training_logger - INFO - Epoch 9/30, Training...
2024-05-31 06:31:47,397 - training_logger - INFO - Epoch 9/30, Training Loss: 0.1220
2024-05-31 06:32:22,235 - training_logger - INFO - Epoch 9/30, Test Loss: 0.1796, Test Accuracy: 94.53%
2024-05-31 06:32:22,235 - training_logger - INFO - Epoch 10/30, Training...
2024-05-31 06:38:55,253 - training_logger - INFO - Epoch 10/30, Training Loss: 0.1270
2024-05-31 06:39:44,136 - training_logger - INFO - Epoch 10/30, Test Loss: 0.1831, Test Accuracy: 94.34%
2024-05-31 06:39:44,137 - training_logger - INFO - Epoch 11/30, Training...
2024-05-31 06:45:35,865 - training_logger - INFO - Epoch 11/30, Training Loss: 0.0565
2024-05-31 06:46:07,269 - training_logger - INFO - Epoch 11/30, Test Loss: 0.1168, Test Accuracy: 96.25%
2024-05-31 06:46:07,303 - training_logger - INFO - Saved new best model with test loss: 0.1168
2024-05-31 06:46:07,304 - training_logger - INFO - Epoch 12/30, Training...
2024-05-31 06:52:42,377 - training_logger - INFO - Epoch 12/30, Training Loss: 0.0362
2024-05-31 06:53:31,829 - training_logger - INFO - Epoch 12/30, Test Loss: 0.1166, Test Accuracy: 96.39%
2024-05-31 06:53:31,863 - training_logger - INFO - Saved new best model with test loss: 0.1166
2024-05-31 06:53:31,863 - training_logger - INFO - Epoch 13/30, Training...
2024-05-31 07:00:03,683 - training_logger - INFO - Epoch 13/30, Training Loss: 0.0299
2024-05-31 07:00:35,040 - training_logger - INFO - Epoch 13/30, Test Loss: 0.1206, Test Accuracy: 96.44%
2024-05-31 07:00:35,041 - training_logger - INFO - Epoch 14/30, Training...
2024-05-31 07:06:26,958 - training_logger - INFO - Epoch 14/30, Training Loss: 0.0252
2024-05-31 07:07:00,392 - training_logger - INFO - Epoch 14/30, Test Loss: 0.1234, Test Accuracy: 96.45%
2024-05-31 07:07:00,392 - training_logger - INFO - Epoch 15/30, Training...
2024-05-31 07:12:52,298 - training_logger - INFO - Epoch 15/30, Training Loss: 0.0221
2024-05-31 07:13:40,783 - training_logger - INFO - Epoch 15/30, Test Loss: 0.1234, Test Accuracy: 96.36%
2024-05-31 07:13:40,783 - training_logger - INFO - Epoch 16/30, Training...
2024-05-31 07:20:12,278 - training_logger - INFO - Epoch 16/30, Training Loss: 0.0194
2024-05-31 07:20:45,338 - training_logger - INFO - Epoch 16/30, Test Loss: 0.1221, Test Accuracy: 96.47%
2024-05-31 07:20:45,338 - training_logger - INFO - Epoch 17/30, Training...
2024-05-31 07:28:01,639 - training_logger - INFO - Epoch 17/30, Training Loss: 0.0178
2024-05-31 07:28:33,259 - training_logger - INFO - Epoch 17/30, Test Loss: 0.1272, Test Accuracy: 96.40%
2024-05-31 07:28:33,260 - training_logger - INFO - Epoch 18/30, Training...
2024-05-31 07:34:38,700 - training_logger - INFO - Epoch 18/30, Training Loss: 0.0164
2024-05-31 07:35:09,896 - training_logger - INFO - Epoch 18/30, Test Loss: 0.1313, Test Accuracy: 96.41%
2024-05-31 07:35:09,896 - training_logger - INFO - Epoch 19/30, Training...
2024-05-31 07:41:01,786 - training_logger - INFO - Epoch 19/30, Training Loss: 0.0150
2024-05-31 07:41:32,462 - training_logger - INFO - Epoch 19/30, Test Loss: 0.1337, Test Accuracy: 96.45%
2024-05-31 07:41:32,462 - training_logger - INFO - Epoch 20/30, Training...
2024-05-31 07:47:36,099 - training_logger - INFO - Epoch 20/30, Training Loss: 0.0149
2024-05-31 07:48:09,230 - training_logger - INFO - Epoch 20/30, Test Loss: 0.1314, Test Accuracy: 96.41%
2024-05-31 07:48:09,231 - training_logger - INFO - Epoch 21/30, Training...
2024-05-31 07:54:01,243 - training_logger - INFO - Epoch 21/30, Training Loss: 0.0131
2024-05-31 07:54:38,212 - training_logger - INFO - Epoch 21/30, Test Loss: 0.1306, Test Accuracy: 96.36%
2024-05-31 07:54:38,212 - training_logger - INFO - Epoch 22/30, Training...
2024-05-31 08:00:41,725 - training_logger - INFO - Epoch 22/30, Training Loss: 0.0124
2024-05-31 08:01:14,953 - training_logger - INFO - Epoch 22/30, Test Loss: 0.1308, Test Accuracy: 96.53%
2024-05-31 08:01:14,953 - training_logger - INFO - Epoch 23/30, Training...
2024-05-31 08:07:26,533 - training_logger - INFO - Epoch 23/30, Training Loss: 0.0117
2024-05-31 08:07:57,639 - training_logger - INFO - Epoch 23/30, Test Loss: 0.1319, Test Accuracy: 96.42%
2024-05-31 08:07:57,639 - training_logger - INFO - Epoch 24/30, Training...
2024-05-31 08:13:49,936 - training_logger - INFO - Epoch 24/30, Training Loss: 0.0121
2024-05-31 08:14:39,576 - training_logger - INFO - Epoch 24/30, Test Loss: 0.1343, Test Accuracy: 96.45%
2024-05-31 08:14:39,576 - training_logger - INFO - Epoch 25/30, Training...
2024-05-31 08:21:08,086 - training_logger - INFO - Epoch 25/30, Training Loss: 0.0115
2024-05-31 08:21:39,050 - training_logger - INFO - Epoch 25/30, Test Loss: 0.1333, Test Accuracy: 96.47%
2024-05-31 08:21:39,051 - training_logger - INFO - Epoch 26/30, Training...
2024-05-31 08:27:31,423 - training_logger - INFO - Epoch 26/30, Training Loss: 0.0115
2024-05-31 08:28:04,549 - training_logger - INFO - Epoch 26/30, Test Loss: 0.1329, Test Accuracy: 96.50%
2024-05-31 08:28:04,549 - training_logger - INFO - Epoch 27/30, Training...
2024-05-31 08:33:57,545 - training_logger - INFO - Epoch 27/30, Training Loss: 0.0115
2024-05-31 08:34:48,350 - training_logger - INFO - Epoch 27/30, Test Loss: 0.1361, Test Accuracy: 96.40%
2024-05-31 08:34:48,351 - training_logger - INFO - Epoch 28/30, Training...
2024-05-31 08:40:40,287 - training_logger - INFO - Epoch 28/30, Training Loss: 0.0115
2024-05-31 08:41:16,471 - training_logger - INFO - Epoch 28/30, Test Loss: 0.1349, Test Accuracy: 96.45%
2024-05-31 08:41:16,471 - training_logger - INFO - Epoch 29/30, Training...
2024-05-31 08:47:08,729 - training_logger - INFO - Epoch 29/30, Training Loss: 0.0113
2024-05-31 08:47:55,424 - training_logger - INFO - Epoch 29/30, Test Loss: 0.1349, Test Accuracy: 96.45%
2024-05-31 08:47:55,424 - training_logger - INFO - Epoch 30/30, Training...
2024-05-31 08:54:09,597 - training_logger - INFO - Epoch 30/30, Training Loss: 0.0112
2024-05-31 08:54:40,980 - training_logger - INFO - Epoch 30/30, Test Loss: 0.1365, Test Accuracy: 96.40%
2024-05-31 08:54:41,024 - training_logger - INFO - Model and results saved to ./models/MobilnetWEdittedClassifier_20240531_053141
