2024-05-31 05:31:41,685 - training_logger - INFO - TRAINING STARTED...
2024-05-31 05:31:41,686 - training_logger - INFO - Training on cuda
2024-05-31 05:31:41,687 - training_logger - INFO - Epoch 1/30, Training...
2024-05-31 05:37:33,843 - training_logger - INFO - Epoch 1/30, Training Loss: 0.4380
2024-05-31 05:38:26,849 - training_logger - INFO - Epoch 1/30, Test Loss: 0.1861, Test Accuracy: 93.88%
2024-05-31 05:38:26,891 - training_logger - INFO - Saved new best model with test loss: 0.1861
2024-05-31 05:38:26,891 - training_logger - INFO - Epoch 2/30, Training...
2024-05-31 05:44:18,730 - training_logger - INFO - Epoch 2/30, Training Loss: 0.1732
2024-05-31 05:45:07,506 - training_logger - INFO - Epoch 2/30, Test Loss: 0.1693, Test Accuracy: 94.45%
2024-05-31 05:45:07,545 - training_logger - INFO - Saved new best model with test loss: 0.1693
2024-05-31 05:45:07,545 - training_logger - INFO - Epoch 3/30, Training...
2024-05-31 05:52:04,878 - training_logger - INFO - Epoch 3/30, Training Loss: 0.1332
2024-05-31 05:52:37,995 - training_logger - INFO - Epoch 3/30, Test Loss: 0.1687, Test Accuracy: 94.46%
2024-05-31 05:52:38,029 - training_logger - INFO - Saved new best model with test loss: 0.1687
2024-05-31 05:52:38,029 - training_logger - INFO - Epoch 4/30, Training...
2024-05-31 05:58:30,338 - training_logger - INFO - Epoch 4/30, Training Loss: 0.1195
2024-05-31 05:59:02,190 - training_logger - INFO - Epoch 4/30, Test Loss: 0.1767, Test Accuracy: 94.13%
2024-05-31 05:59:02,190 - training_logger - INFO - Epoch 5/30, Training...
2024-05-31 06:04:54,133 - training_logger - INFO - Epoch 5/30, Training Loss: 0.1115
2024-05-31 06:05:48,548 - training_logger - INFO - Epoch 5/30, Test Loss: 0.1626, Test Accuracy: 94.75%
2024-05-31 06:05:48,593 - training_logger - INFO - Saved new best model with test loss: 0.1626
2024-05-31 06:05:48,593 - training_logger - INFO - Epoch 6/30, Training...
2024-05-31 06:11:40,812 - training_logger - INFO - Epoch 6/30, Training Loss: 0.1104
2024-05-31 06:12:14,012 - training_logger - INFO - Epoch 6/30, Test Loss: 0.1724, Test Accuracy: 94.54%
2024-05-31 06:12:14,013 - training_logger - INFO - Epoch 7/30, Training...
2024-05-31 06:18:06,463 - training_logger - INFO - Epoch 7/30, Training Loss: 0.1140
2024-05-31 06:18:39,261 - training_logger - INFO - Epoch 7/30, Test Loss: 0.1599, Test Accuracy: 95.00%
2024-05-31 06:18:39,306 - training_logger - INFO - Saved new best model with test loss: 0.1599
2024-05-31 06:18:39,306 - training_logger - INFO - Epoch 8/30, Training...
2024-05-31 06:24:31,446 - training_logger - INFO - Epoch 8/30, Training Loss: 0.1166
2024-05-31 06:25:17,448 - training_logger - INFO - Epoch 8/30, Test Loss: 0.1816, Test Accuracy: 94.14%
2024-05-31 06:25:17,448 - training_logger - INFO - Epoch 9/30, Training...
2024-05-31 06:31:47,397 - training_logger - INFO - Epoch 9/30, Training Loss: 0.1220
2024-05-31 06:32:22,235 - training_logger - INFO - Epoch 9/30, Test Loss: 0.1796, Test Accuracy: 94.53%
2024-05-31 06:32:22,235 - training_logger - INFO - Epoch 10/30, Training...
2024-05-31 06:38:55,253 - training_logger - INFO - Epoch 10/30, Training Loss: 0.1270
2024-05-31 06:39:44,136 - training_logger - INFO - Epoch 10/30, Test Loss: 0.1831, Test Accuracy: 94.34%
2024-05-31 06:39:44,137 - training_logger - INFO - Epoch 11/30, Training...
2024-05-31 06:45:35,865 - training_logger - INFO - Epoch 11/30, Training Loss: 0.0565
2024-05-31 06:46:07,269 - training_logger - INFO - Epoch 11/30, Test Loss: 0.1168, Test Accuracy: 96.25%
2024-05-31 06:46:07,303 - training_logger - INFO - Saved new best model with test loss: 0.1168
2024-05-31 06:46:07,304 - training_logger - INFO - Epoch 12/30, Training...
2024-05-31 06:52:42,377 - training_logger - INFO - Epoch 12/30, Training Loss: 0.0362
2024-05-31 06:53:31,829 - training_logger - INFO - Epoch 12/30, Test Loss: 0.1166, Test Accuracy: 96.39%
2024-05-31 06:53:31,863 - training_logger - INFO - Saved new best model with test loss: 0.1166
2024-05-31 06:53:31,863 - training_logger - INFO - Epoch 13/30, Training...
2024-05-31 07:00:03,683 - training_logger - INFO - Epoch 13/30, Training Loss: 0.0299
2024-05-31 07:00:35,040 - training_logger - INFO - Epoch 13/30, Test Loss: 0.1206, Test Accuracy: 96.44%
2024-05-31 07:00:35,041 - training_logger - INFO - Epoch 14/30, Training...
2024-05-31 07:06:26,958 - training_logger - INFO - Epoch 14/30, Training Loss: 0.0252
2024-05-31 07:07:00,392 - training_logger - INFO - Epoch 14/30, Test Loss: 0.1234, Test Accuracy: 96.45%
2024-05-31 07:07:00,392 - training_logger - INFO - Epoch 15/30, Training...
2024-05-31 07:12:52,298 - training_logger - INFO - Epoch 15/30, Training Loss: 0.0221
2024-05-31 07:13:40,783 - training_logger - INFO - Epoch 15/30, Test Loss: 0.1234, Test Accuracy: 96.36%
2024-05-31 07:13:40,783 - training_logger - INFO - Epoch 16/30, Training...
2024-05-31 07:20:12,278 - training_logger - INFO - Epoch 16/30, Training Loss: 0.0194
2024-05-31 07:20:45,338 - training_logger - INFO - Epoch 16/30, Test Loss: 0.1221, Test Accuracy: 96.47%
2024-05-31 07:20:45,338 - training_logger - INFO - Epoch 17/30, Training...
2024-05-31 07:28:01,639 - training_logger - INFO - Epoch 17/30, Training Loss: 0.0178
2024-05-31 07:28:33,259 - training_logger - INFO - Epoch 17/30, Test Loss: 0.1272, Test Accuracy: 96.40%
2024-05-31 07:28:33,260 - training_logger - INFO - Epoch 18/30, Training...
2024-05-31 07:34:38,700 - training_logger - INFO - Epoch 18/30, Training Loss: 0.0164
2024-05-31 07:35:09,896 - training_logger - INFO - Epoch 18/30, Test Loss: 0.1313, Test Accuracy: 96.41%
2024-05-31 07:35:09,896 - training_logger - INFO - Epoch 19/30, Training...
2024-05-31 07:41:01,786 - training_logger - INFO - Epoch 19/30, Training Loss: 0.0150
2024-05-31 07:41:32,462 - training_logger - INFO - Epoch 19/30, Test Loss: 0.1337, Test Accuracy: 96.45%
2024-05-31 07:41:32,462 - training_logger - INFO - Epoch 20/30, Training...
2024-05-31 07:47:36,099 - training_logger - INFO - Epoch 20/30, Training Loss: 0.0149
2024-05-31 07:48:09,230 - training_logger - INFO - Epoch 20/30, Test Loss: 0.1314, Test Accuracy: 96.41%
2024-05-31 07:48:09,231 - training_logger - INFO - Epoch 21/30, Training...
2024-05-31 07:54:01,243 - training_logger - INFO - Epoch 21/30, Training Loss: 0.0131
2024-05-31 07:54:38,212 - training_logger - INFO - Epoch 21/30, Test Loss: 0.1306, Test Accuracy: 96.36%
2024-05-31 07:54:38,212 - training_logger - INFO - Epoch 22/30, Training...
2024-05-31 08:00:41,725 - training_logger - INFO - Epoch 22/30, Training Loss: 0.0124
2024-05-31 08:01:14,953 - training_logger - INFO - Epoch 22/30, Test Loss: 0.1308, Test Accuracy: 96.53%
2024-05-31 08:01:14,953 - training_logger - INFO - Epoch 23/30, Training...
2024-05-31 08:07:26,533 - training_logger - INFO - Epoch 23/30, Training Loss: 0.0117
2024-05-31 08:07:57,639 - training_logger - INFO - Epoch 23/30, Test Loss: 0.1319, Test Accuracy: 96.42%
2024-05-31 08:07:57,639 - training_logger - INFO - Epoch 24/30, Training...
2024-05-31 08:13:49,936 - training_logger - INFO - Epoch 24/30, Training Loss: 0.0121
2024-05-31 08:14:39,576 - training_logger - INFO - Epoch 24/30, Test Loss: 0.1343, Test Accuracy: 96.45%
2024-05-31 08:14:39,576 - training_logger - INFO - Epoch 25/30, Training...
2024-05-31 08:21:08,086 - training_logger - INFO - Epoch 25/30, Training Loss: 0.0115
2024-05-31 08:21:39,050 - training_logger - INFO - Epoch 25/30, Test Loss: 0.1333, Test Accuracy: 96.47%
2024-05-31 08:21:39,051 - training_logger - INFO - Epoch 26/30, Training...
2024-05-31 08:27:31,423 - training_logger - INFO - Epoch 26/30, Training Loss: 0.0115
2024-05-31 08:28:04,549 - training_logger - INFO - Epoch 26/30, Test Loss: 0.1329, Test Accuracy: 96.50%
2024-05-31 08:28:04,549 - training_logger - INFO - Epoch 27/30, Training...
2024-05-31 08:33:57,545 - training_logger - INFO - Epoch 27/30, Training Loss: 0.0115
2024-05-31 08:34:48,350 - training_logger - INFO - Epoch 27/30, Test Loss: 0.1361, Test Accuracy: 96.40%
2024-05-31 08:34:48,351 - training_logger - INFO - Epoch 28/30, Training...
2024-05-31 08:40:40,287 - training_logger - INFO - Epoch 28/30, Training Loss: 0.0115
2024-05-31 08:41:16,471 - training_logger - INFO - Epoch 28/30, Test Loss: 0.1349, Test Accuracy: 96.45%
2024-05-31 08:41:16,471 - training_logger - INFO - Epoch 29/30, Training...
2024-05-31 08:47:08,729 - training_logger - INFO - Epoch 29/30, Training Loss: 0.0113
2024-05-31 08:47:55,424 - training_logger - INFO - Epoch 29/30, Test Loss: 0.1349, Test Accuracy: 96.45%
2024-05-31 08:47:55,424 - training_logger - INFO - Epoch 30/30, Training...
2024-05-31 08:54:09,597 - training_logger - INFO - Epoch 30/30, Training Loss: 0.0112
2024-05-31 08:54:40,980 - training_logger - INFO - Epoch 30/30, Test Loss: 0.1365, Test Accuracy: 96.40%
2024-05-31 08:54:41,024 - training_logger - INFO - Model and results saved to ./models/MobilnetWEdittedClassifier_20240531_053141
